<?xml version="1.0" encoding="UTF-8"?>
<!-- Generated by org.testng.reporters.JUnitReportReporter -->
<testsuite hostname="DESKTOP-CH999P7" failures="0" tests="1" name="build1.OrangeHRlogin" time="17.218" errors="0" timestamp="2023-09-05T16:51:09 IST" skipped="0">
  <testcase classname="build1.OrangeHRlogin" name="loginpage" time="17.218"/>
</testsuite> <!-- build1.OrangeHRlogin -->
