<?xml version="1.0" encoding="UTF-8"?>
<!-- Generated by org.testng.reporters.JUnitReportReporter -->
<testsuite hostname="DESKTOP-CH999P7" failures="0" tests="4" name="build1.NewTest" time="8.385" errors="0" timestamp="2023-08-28T15:58:46 IST" skipped="0">
  <testcase classname="build1.NewTest" name="loginlmsadmin" time="1.539"/>
  <testcase classname="build1.NewTest" name="loginlmsadmin" time="2.192"/>
  <testcase classname="build1.NewTest" name="loginlmsadmin" time="2.982"/>
  <testcase classname="build1.NewTest" name="loginlmsadmin" time="1.672"/>
</testsuite> <!-- build1.NewTest -->
