<?xml version="1.0" encoding="UTF-8"?>
<!-- Generated by org.testng.reporters.JUnitReportReporter -->
<testsuite hostname="DESKTOP-CH999P7" failures="0" tests="3" name="build1.NGtest" time="0.010" errors="0" timestamp="2023-08-17T23:00:29 IST" skipped="0">
  <testcase classname="build1.NGtest" name="College" time="0.001"/>
  <testcase classname="build1.NGtest" name="highersecondaryschool" time="0.002"/>
  <testcase classname="build1.NGtest" name="highschool" time="0.007"/>
</testsuite> <!-- build1.NGtest -->
