<?xml version="1.0" encoding="UTF-8"?>
<!-- Generated by org.testng.reporters.JUnitReportReporter -->
<testsuite hostname="DESKTOP-CH999P7" failures="0" tests="3" name="build1.Openchromeandbing" time="21.083" errors="0" timestamp="2023-08-17T23:00:29 IST" skipped="0">
  <testcase classname="build1.Openchromeandbing" name="openbing" time="3.648"/>
  <testcase classname="build1.Openchromeandbing" name="opengoogle" time="4.094"/>
  <testcase classname="build1.Openchromeandbing" name="openyahoo" time="13.341"/>
</testsuite> <!-- build1.Openchromeandbing -->
